compute landmark based registration
------------------------------------
landmark error before registration = ,1.621663e+00
number of landmark = 1
w = 1.011995e-16,1.391809e+00,3.075798e-14,-1.186566e-16,1,2.209928e-14
landmark error after landmark-based affine registration = 1.026157e+02
number of landmark = 2
w = 5.604274e-01,1.105252e+00,-2.203146e+02,3.133115e-02,9.784165e-01,-7.167652e-01
landmark error after landmark-based affine registration = 6.928742e+01
number of landmark = 3
w = 9.997540e-01,4.679364e-03,-1.183506e+00,-1.394071e-02,9.734973e-01,1.068940e+01
landmark error after landmark-based affine registration = 2.059751e+00
number of landmark = 4
w = 9.931230e-01,-1.100850e-02,4.973391e+00,-3.115540e-03,1.001639e+00,2.258687e-01
landmark error after landmark-based affine registration = 1.580085e+00
number of landmark = 5
w = 9.825010e-01,-2.706144e-03,5.658245e+00,1.325367e-02,9.847979e-01,6.459417e-01
landmark error after landmark-based affine registration = 1.575543e+00
number of landmark = 6
w = 9.932497e-01,-6.355886e-03,3.207375e+00,6.803247e-03,9.837075e-01,2.224415e+00
landmark error after landmark-based affine registration = 1.389511e+00
number of landmark = 7
w = 9.796128e-01,-5.247770e-03,6.505133e+00,-8.934158e-03,9.842391e-01,6.197938e+00
landmark error after landmark-based affine registration = 1.611721e+00
number of landmark = 8
w = 9.885437e-01,-7.298833e-03,5.238778e+00,4.210616e-03,9.912414e-01,1.103780e+00
landmark error after landmark-based affine registration = 1.413760e+00
number of landmark = 9
w = 9.993241e-01,-3.996530e-03,1.441257e+00,-9.257014e-03,9.862033e-01,5.050096e+00
landmark error after landmark-based affine registration = 1.737382e+00
number of landmark = 10
w = 9.924406e-01,-1.324719e-02,5.088440e+00,-9.278465e-03,9.658310e-01,9.927563e+00
landmark error after landmark-based affine registration = 1.712648e+00
number of landmark = 11
w = 9.906556e-01,-1.153567e-02,5.526410e+00,-6.957775e-03,9.655803e-01,1.037355e+01
landmark error after landmark-based affine registration = 1.668287e+00
number of landmark = 12
w = 1.000759e+00,-8.139007e-03,1.820067e+00,1.135962e-02,9.842528e-01,1.247633e+00
landmark error after landmark-based affine registration = 1.494463e+00
number of landmark = 13
w = 1.004063e+00,-5.443667e-03,1.191882e+00,9.056631e-03,9.830987e-01,2.617854e+00
landmark error after landmark-based affine registration = 1.604917e+00
number of landmark = 14
w = 9.876296e-01,-6.804449e-03,4.814008e+00,-1.361906e-02,9.834469e-01,7.313249e+00
landmark error after landmark-based affine registration = 1.613799e+00
number of landmark = 15
w = 9.963602e-01,-1.089854e-02,4.216729e+00,5.971497e-03,9.719241e-01,5.496566e+00
landmark error after landmark-based affine registration = 1.427601e+00
number of landmark = 16
w = 9.885066e-01,-5.521692e-03,4.589314e+00,7.447345e-03,9.808229e-01,2.784668e+00
landmark error after landmark-based affine registration = 1.355262e+00
number of landmark = 17
w = 9.910724e-01,-1.471804e-02,6.016236e+00,2.966132e-03,9.740270e-01,5.812024e+00
landmark error after landmark-based affine registration = 1.382689e+00
number of landmark = 18
w = 9.969897e-01,-5.865518e-03,2.712916e+00,6.496202e-03,9.795847e-01,3.672241e+00
landmark error after landmark-based affine registration = 1.380584e+00
number of landmark = 19
w = 9.958385e-01,-1.109592e-02,4.105893e+00,6.187037e-03,9.819740e-01,3.108582e+00
landmark error after landmark-based affine registration = 1.348096e+00
number of landmark = 20
w = 9.956810e-01,-1.711120e-02,5.738228e+00,1.878665e-03,9.760029e-01,5.914171e+00
landmark error after landmark-based affine registration = 1.480165e+00
number of landmark = 21
w = 9.921488e-01,-1.279078e-02,5.224715e+00,7.889316e-04,9.757298e-01,5.860859e+00
landmark error after landmark-based affine registration = 1.366497e+00
number of landmark = 22
w = 9.959316e-01,-1.114192e-02,4.136291e+00,6.108713e-03,9.769891e-01,4.343298e+00
landmark error after landmark-based affine registration = 1.356607e+00
number of landmark = 23
w = 9.940470e-01,-1.371867e-02,5.161150e+00,3.749601e-03,9.760042e-01,5.220823e+00
landmark error after landmark-based affine registration = 1.373266e+00
number of landmark = 24
w = 9.898432e-01,-1.146441e-02,5.447322e+00,1.164314e-03,9.758749e-01,5.678754e+00
landmark error after landmark-based affine registration = 1.365105e+00
number of landmark = 25
w = 9.937841e-01,-1.200717e-02,4.861684e+00,4.211066e-03,9.759654e-01,5.151350e+00
landmark error after landmark-based affine registration = 1.372920e+00
number of landmark = 26
w = 9.932266e-01,-1.175946e-02,4.867725e+00,3.509750e-03,9.755516e-01,5.297565e+00
landmark error after landmark-based affine registration = 1.354743e+00
number of landmark = 27
w = 9.935356e-01,-1.140356e-02,4.742679e+00,3.972910e-03,9.769445e-01,4.933955e+00
landmark error after landmark-based affine registration = 1.355274e+00
number of landmark = 28
w = 9.932434e-01,-1.113930e-02,4.724547e+00,3.483921e-03,9.773866e-01,4.903622e+00
landmark error after landmark-based affine registration = 1.344760e+00
